  [1m[35m (830.5ms)[0m  [1m[35mCREATE DATABASE "EBv2_development" ENCODING = 'unicode' TEMPLATE = "template0"[0m
  ↳ bin/rails:9
  [1m[35m (784.1ms)[0m  [1m[35mCREATE DATABASE "EBv2_test" ENCODING = 'unicode' TEMPLATE = "template0"[0m
  ↳ bin/rails:9
  [1m[35m (11.1ms)[0m  [1m[35mCREATE TABLE "schema_migrations" ("version" character varying NOT NULL PRIMARY KEY)[0m
  ↳ bin/rails:9
  [1m[35m (8.3ms)[0m  [1m[35mCREATE TABLE "ar_internal_metadata" ("key" character varying NOT NULL PRIMARY KEY, "value" character varying, "created_at" timestamp NOT NULL, "updated_at" timestamp NOT NULL)[0m
  ↳ bin/rails:9
  [1m[35m (0.1ms)[0m  [1m[34mSELECT pg_try_advisory_lock(2578386810694451925)[0m
  ↳ bin/rails:9
  [1m[35m (0.4ms)[0m  [1m[34mSELECT "schema_migrations"."version" FROM "schema_migrations" ORDER BY "schema_migrations"."version" ASC[0m
  ↳ bin/rails:9
Migrating to CreateEvents (20210810100957)
  [1m[35m (0.1ms)[0m  [1m[35mBEGIN[0m
  ↳ bin/rails:9
  [1m[35m (7.4ms)[0m  [1m[35mCREATE TABLE "events" ("id" bigserial primary key, "start_date" timestamp, "duration" integer, "title" character varying, "description" text, "price" integer, "location" character varying, "created_at" timestamp NOT NULL, "updated_at" timestamp NOT NULL)[0m
  ↳ db/migrate/20210810100957_create_events.rb:3
  [1m[36mActiveRecord::SchemaMigration Create (0.4ms)[0m  [1m[32mINSERT INTO "schema_migrations" ("version") VALUES ($1) RETURNING "version"[0m  [["version", "20210810100957"]]
  ↳ bin/rails:9
  [1m[35m (2.5ms)[0m  [1m[35mCOMMIT[0m
  ↳ bin/rails:9
Migrating to CreateParticipations (20210810101244)
  [1m[35m (0.1ms)[0m  [1m[35mBEGIN[0m
  ↳ bin/rails:9
  [1m[35m (6.6ms)[0m  [1m[35mCREATE TABLE "participations" ("id" bigserial primary key, "stripe_customer_id" character varying, "created_at" timestamp NOT NULL, "updated_at" timestamp NOT NULL)[0m
  ↳ db/migrate/20210810101244_create_participations.rb:3
  [1m[36mActiveRecord::SchemaMigration Create (0.2ms)[0m  [1m[32mINSERT INTO "schema_migrations" ("version") VALUES ($1) RETURNING "version"[0m  [["version", "20210810101244"]]
  ↳ bin/rails:9
  [1m[35m (2.5ms)[0m  [1m[35mCOMMIT[0m
  ↳ bin/rails:9
Migrating to CreateUsers (20210810101817)
  [1m[35m (0.2ms)[0m  [1m[35mBEGIN[0m
  ↳ bin/rails:9
  [1m[35m (6.7ms)[0m  [1m[35mCREATE TABLE "users" ("id" bigserial primary key, "description" text, "first_name" character varying, "last_name" character varying, "created_at" timestamp NOT NULL, "updated_at" timestamp NOT NULL)[0m
  ↳ db/migrate/20210810101817_create_users.rb:3
  [1m[36mActiveRecord::SchemaMigration Create (0.2ms)[0m  [1m[32mINSERT INTO "schema_migrations" ("version") VALUES ($1) RETURNING "version"[0m  [["version", "20210810101817"]]
  ↳ bin/rails:9
  [1m[35m (2.5ms)[0m  [1m[35mCOMMIT[0m
  ↳ bin/rails:9
Migrating to AddDeviseToUsers (20210810102309)
  [1m[35m (0.1ms)[0m  [1m[35mBEGIN[0m
  ↳ bin/rails:9
  [1m[35m (0.4ms)[0m  [1m[35mALTER TABLE "users" ADD "email" character varying DEFAULT '' NOT NULL[0m
  ↳ db/migrate/20210810102309_add_devise_to_users.rb:7
  [1m[35m (0.3ms)[0m  [1m[35mALTER TABLE "users" ADD "encrypted_password" character varying DEFAULT '' NOT NULL[0m
  ↳ db/migrate/20210810102309_add_devise_to_users.rb:8
  [1m[35m (0.1ms)[0m  [1m[35mALTER TABLE "users" ADD "reset_password_token" character varying[0m
  ↳ db/migrate/20210810102309_add_devise_to_users.rb:11
  [1m[35m (0.1ms)[0m  [1m[35mALTER TABLE "users" ADD "reset_password_sent_at" timestamp[0m
  ↳ db/migrate/20210810102309_add_devise_to_users.rb:12
  [1m[35m (0.1ms)[0m  [1m[35mALTER TABLE "users" ADD "remember_created_at" timestamp[0m
  ↳ db/migrate/20210810102309_add_devise_to_users.rb:15
  [1m[35m (8.6ms)[0m  [1m[35mCREATE UNIQUE INDEX  "index_users_on_email" ON "users"  ("email")[0m
  ↳ db/migrate/20210810102309_add_devise_to_users.rb:40
  [1m[35m (8.6ms)[0m  [1m[35mCREATE UNIQUE INDEX  "index_users_on_reset_password_token" ON "users"  ("reset_password_token")[0m
  ↳ db/migrate/20210810102309_add_devise_to_users.rb:41
  [1m[36mActiveRecord::SchemaMigration Create (0.2ms)[0m  [1m[32mINSERT INTO "schema_migrations" ("version") VALUES ($1) RETURNING "version"[0m  [["version", "20210810102309"]]
  ↳ bin/rails:9
  [1m[35m (2.3ms)[0m  [1m[35mCOMMIT[0m
  ↳ bin/rails:9
Migrating to AddAdministatorIdToEvents (20210810104427)
  [1m[35m (0.1ms)[0m  [1m[35mBEGIN[0m
  ↳ bin/rails:9
  [1m[35m (0.3ms)[0m  [1m[35mALTER TABLE "events" ADD "administrator_id" bigint[0m
  ↳ db/migrate/20210810104427_add_administator_id_to_events.rb:3
  [1m[35m (2.6ms)[0m  [1m[35mCREATE  INDEX  "index_events_on_administrator_id" ON "events"  ("administrator_id")[0m
  ↳ db/migrate/20210810104427_add_administator_id_to_events.rb:3
  [1m[36mActiveRecord::SchemaMigration Create (0.2ms)[0m  [1m[32mINSERT INTO "schema_migrations" ("version") VALUES ($1) RETURNING "version"[0m  [["version", "20210810104427"]]
  ↳ bin/rails:9
  [1m[35m (2.3ms)[0m  [1m[35mCOMMIT[0m
  ↳ bin/rails:9
Migrating to AddParticipantIdAndEventIdToParticipations (20210810104725)
  [1m[35m (0.1ms)[0m  [1m[35mBEGIN[0m
  ↳ bin/rails:9
  [1m[35m (0.2ms)[0m  [1m[35mALTER TABLE "participations" ADD "participant_id" bigint[0m
  ↳ db/migrate/20210810104725_add_participant_id_and_event_id_to_participations.rb:3
  [1m[35m (2.8ms)[0m  [1m[35mCREATE  INDEX  "index_participations_on_participant_id" ON "participations"  ("participant_id")[0m
  ↳ db/migrate/20210810104725_add_participant_id_and_event_id_to_participations.rb:3
  [1m[35m (0.3ms)[0m  [1m[35mALTER TABLE "participations" ADD "event_id" bigint[0m
  ↳ db/migrate/20210810104725_add_participant_id_and_event_id_to_participations.rb:4
  [1m[35m (2.6ms)[0m  [1m[35mCREATE  INDEX  "index_participations_on_event_id" ON "participations"  ("event_id")[0m
  ↳ db/migrate/20210810104725_add_participant_id_and_event_id_to_participations.rb:4
  [1m[36mActiveRecord::SchemaMigration Create (0.2ms)[0m  [1m[32mINSERT INTO "schema_migrations" ("version") VALUES ($1) RETURNING "version"[0m  [["version", "20210810104725"]]
  ↳ bin/rails:9
  [1m[35m (2.3ms)[0m  [1m[35mCOMMIT[0m
  ↳ bin/rails:9
  [1m[36mActiveRecord::InternalMetadata Load (0.3ms)[0m  [1m[34mSELECT  "ar_internal_metadata".* FROM "ar_internal_metadata" WHERE "ar_internal_metadata"."key" = $1 LIMIT $2[0m  [["key", "environment"], ["LIMIT", 1]]
  ↳ bin/rails:9
  [1m[35m (0.1ms)[0m  [1m[35mBEGIN[0m
  ↳ bin/rails:9
  [1m[36mActiveRecord::InternalMetadata Create (0.4ms)[0m  [1m[32mINSERT INTO "ar_internal_metadata" ("key", "value", "created_at", "updated_at") VALUES ($1, $2, $3, $4) RETURNING "key"[0m  [["key", "environment"], ["value", "development"], ["created_at", "2021-08-10 20:40:54.084706"], ["updated_at", "2021-08-10 20:40:54.084706"]]
  ↳ bin/rails:9
  [1m[35m (2.4ms)[0m  [1m[35mCOMMIT[0m
  ↳ bin/rails:9
  [1m[35m (0.2ms)[0m  [1m[34mSELECT pg_advisory_unlock(2578386810694451925)[0m
  ↳ bin/rails:9
  [1m[35m (0.2ms)[0m  [1m[34mSELECT "schema_migrations"."version" FROM "schema_migrations" ORDER BY "schema_migrations"."version" ASC[0m
  ↳ bin/rails:9
Started GET "/" for ::1 at 2021-08-10 22:42:10 +0200
  [1m[35m (0.5ms)[0m  [1m[34mSELECT "schema_migrations"."version" FROM "schema_migrations" ORDER BY "schema_migrations"."version" ASC[0m
  ↳ /home/xavier/.rvm/gems/ruby-2.7.4/gems/activerecord-5.2.6/lib/active_record/log_subscriber.rb:98
Processing by EventsController#index as HTML
  Rendering events/index.html.erb within layouts/application
  [1m[36mEvent Load (3.1ms)[0m  [1m[34mSELECT "events".* FROM "events"[0m
  ↳ app/views/events/index.html.erb:27
  Rendered events/index.html.erb within layouts/application (9.0ms)
Completed 200 OK in 733ms (Views: 701.9ms | ActiveRecord: 4.7ms)


Started GET "/" for ::1 at 2021-08-10 22:42:28 +0200
Processing by EventsController#index as HTML
  Rendering events/index.html.erb within layouts/application
  [1m[36mEvent Load (0.7ms)[0m  [1m[34mSELECT "events".* FROM "events"[0m
  ↳ app/views/events/index.html.erb:27
  Rendered events/index.html.erb within layouts/application (2.5ms)
Completed 200 OK in 65ms (Views: 63.5ms | ActiveRecord: 0.7ms)


Started GET "/users/sign_in" for ::1 at 2021-08-10 22:43:25 +0200
Processing by Devise::SessionsController#new as HTML
  Rendering devise/sessions/new.html.erb within layouts/application
  Rendered devise/shared/_links.html.erb (2.0ms)
  Rendered devise/sessions/new.html.erb within layouts/application (2847.5ms)
Completed 200 OK in 2897ms (Views: 2872.0ms | ActiveRecord: 7.0ms)


Started GET "/users/sign_in" for ::1 at 2021-08-10 22:44:40 +0200
Processing by Devise::SessionsController#new as HTML
  Rendering devise/sessions/new.html.erb within layouts/application
  Rendered devise/shared/_links.html.erb (2.2ms)
  Rendered devise/sessions/new.html.erb within layouts/application (7.2ms)
Completed 200 OK in 37ms (Views: 35.9ms | ActiveRecord: 0.0ms)


Started POST "/users/sign_in" for ::1 at 2021-08-10 22:44:43 +0200
Processing by Devise::SessionsController#create as HTML
  Parameters: {"utf8"=>"✓", "authenticity_token"=>"k4sv/7tUE/P/DT+sVJp1pax7o2bNVOzxqFOCVzyCCeyoTTKBZiiHqLL4A+mIMlmtw/xZjCLHiDhMffBoTkwtWQ==", "user"=>{"email"=>"xavier.grenouillet@gmail.com", "password"=>"[FILTERED]", "remember_me"=>"0"}, "commit"=>"Log in"}
  [1m[36mUser Load (0.9ms)[0m  [1m[34mSELECT  "users".* FROM "users" WHERE "users"."email" = $1 ORDER BY "users"."id" ASC LIMIT $2[0m  [["email", "xavier.grenouillet@gmail.com"], ["LIMIT", 1]]
  ↳ /home/xavier/.rvm/gems/ruby-2.7.4/gems/activerecord-5.2.6/lib/active_record/log_subscriber.rb:98
Completed 401 Unauthorized in 7ms (ActiveRecord: 1.1ms)


Processing by Devise::SessionsController#new as HTML
  Parameters: {"utf8"=>"✓", "authenticity_token"=>"k4sv/7tUE/P/DT+sVJp1pax7o2bNVOzxqFOCVzyCCeyoTTKBZiiHqLL4A+mIMlmtw/xZjCLHiDhMffBoTkwtWQ==", "user"=>{"email"=>"xavier.grenouillet@gmail.com", "password"=>"[FILTERED]", "remember_me"=>"0"}, "commit"=>"Log in"}
  Rendering devise/sessions/new.html.erb within layouts/application
  Rendered devise/shared/_links.html.erb (1.2ms)
  Rendered devise/sessions/new.html.erb within layouts/application (4.9ms)
Completed 200 OK in 275ms (Views: 32.0ms | ActiveRecord: 0.0ms)


Started GET "/users/sign_up" for ::1 at 2021-08-10 22:44:46 +0200
Processing by Devise::RegistrationsController#new as HTML
  Rendering devise/registrations/new.html.erb within layouts/application
  Rendered devise/shared/_error_messages.html.erb (0.8ms)
  Rendered devise/shared/_links.html.erb (1.5ms)
  Rendered devise/registrations/new.html.erb within layouts/application (13.6ms)
Completed 200 OK in 51ms (Views: 49.8ms | ActiveRecord: 0.0ms)


Started POST "/users" for ::1 at 2021-08-10 22:45:22 +0200
Processing by Devise::RegistrationsController#create as HTML
  Parameters: {"utf8"=>"✓", "authenticity_token"=>"YTM9BWP8q6Zs7VzD4L/6pdgbv3d8aEpZvI1MNT4UeuBj+BNeFd8iw0LOWAOuawy4Xxygi88bkOH3vCxwrxesww==", "user"=>{"first_name"=>"Xavier", "last_name"=>"Grenouillet", "description"=>"cfsfghnfgh rg dg fdfdg rg fdgfd g dgf f gdgdf ", "email"=>"xavier.grenouillet@gmail.com", "password"=>"[FILTERED]", "password_confirmation"=>"[FILTERED]"}, "commit"=>"Valider"}
  [1m[35m (0.2ms)[0m  [1m[35mBEGIN[0m
  ↳ /home/xavier/.rvm/gems/ruby-2.7.4/gems/activerecord-5.2.6/lib/active_record/log_subscriber.rb:98
  [1m[36mUser Exists (0.4ms)[0m  [1m[34mSELECT  1 AS one FROM "users" WHERE "users"."email" = $1 LIMIT $2[0m  [["email", "xavier.grenouillet@gmail.com"], ["LIMIT", 1]]
  ↳ /home/xavier/.rvm/gems/ruby-2.7.4/gems/activerecord-5.2.6/lib/active_record/log_subscriber.rb:98
  [1m[36mUser Create (0.7ms)[0m  [1m[32mINSERT INTO "users" ("description", "first_name", "last_name", "created_at", "updated_at", "email", "encrypted_password") VALUES ($1, $2, $3, $4, $5, $6, $7) RETURNING "id"[0m  [["description", "cfsfghnfgh rg dg fdfdg rg fdgfd g dgf f gdgdf "], ["first_name", "Xavier"], ["last_name", "Grenouillet"], ["created_at", "2021-08-10 20:45:22.678017"], ["updated_at", "2021-08-10 20:45:22.678017"], ["email", "xavier.grenouillet@gmail.com"], ["encrypted_password", "$2a$12$9CTzYid7hxiC.RjFVq0CSOcwCuWvW9PQBLrqwuaFwyhawPME6zyR."]]
  ↳ /home/xavier/.rvm/gems/ruby-2.7.4/gems/activerecord-5.2.6/lib/active_record/log_subscriber.rb:98
  Rendering user_mailer/welcome_email.html.erb within layouts/mailer
  Rendered user_mailer/welcome_email.html.erb within layouts/mailer (0.7ms)
  Rendering user_mailer/welcome_email.text.erb within layouts/mailer
  Rendered user_mailer/welcome_email.text.erb within layouts/mailer (0.4ms)
UserMailer#welcome_email: processed outbound mail in 1540.0ms
Sent mail to xavier.grenouillet@gmail.com (7.4ms)
Date: Tue, 10 Aug 2021 22:45:24 +0200
From: no-reply@monsite.fr
To: xavier.grenouillet@gmail.com
Message-ID: <6112e5648946a_ac8f44c0-364@Garuxav.mail>
Subject: Bienvenue chez nous !
Mime-Version: 1.0
Content-Type: multipart/alternative;
 boundary="--==_mimepart_6112e564877a2_ac8f44c0-40";
 charset=UTF-8
Content-Transfer-Encoding: 7bit


----==_mimepart_6112e564877a2_ac8f44c0-40
Content-Type: text/plain;
 charset=UTF-8
Content-Transfer-Encoding: base64

U2FsdXQgWGF2aWVyIGV0IGJpZW52ZW51ZSBjaGV6IG5vdXMgIQ0KPT09PT09
PT09PT09PT09PT09PT09PT09PT09PT09PT09PT09PT09PT09PT09PT09PT09
PT09PT09PQ0KIA0KVHUgdCdlcyBpbnNjcml0IHN1ciBtb25zaXRlLmZyIGVu
IHV0aWxpc2FudCBsJ2UtbWFpbCBzdWl2YW50IDogeGF2aWVyLmdyZW5vdWls
bGV0QGdtYWlsLmNvbS4NCiANClBvdXIgYWNjw6lkZXIgw6AgdG9uIGVzcGFj
ZSBjbGllbnQsIGNvbm5lY3RlLXRvaSB2aWEgOiBodHRwOi8vbW9uc2l0ZS5m
ci9sb2dpbi4NCiANCsOAIHRyw6hzIHZpdGUgc3VyIG1vbnNpdGUuZnIgIQ0K

----==_mimepart_6112e564877a2_ac8f44c0-40
Content-Type: text/html;
 charset=UTF-8
Content-Transfer-Encoding: quoted-printable

<!DOCTYPE html>=0D
<html>=0D
  <head>=0D
    <meta http-equiv=3D"Content-Type" content=3D"text/html; charset=3Dutf=
-8" />=0D
    <style>=0D
      /* Email styles need to be inline */=0D
    </style>=0D
  </head>=0D
=0D
  <body>=0D
    <html>=0D
  <head>=0D
    <meta content=3D'text/html; charset=3DUTF-8' http-equiv=3D'Content-Ty=
pe' />=0D
  </head>=0D
  <body>=0D
    <h1>Salut Xavier et bienvenue chez nous !</h1>=0D
    <p>=0D
      Tu t'es inscrit sur monsite.fr en utilisant l'e-mail suivant : xavi=
er.grenouillet@gmail.com.=0D
    </p>=0D
    <p>=0D
      Pour acc=C3=A9der =C3=A0 ton espace client, connecte-toi via : http=
://monsite.fr/login.=0D
    </p>=0D
    <p> =C3=80 tr=C3=A8s vite sur monsite.fr !=0D
  </body>=0D
</html>=0D
  </body>=0D
</html>=0D

----==_mimepart_6112e564877a2_ac8f44c0-40--

  [1m[35m (6.8ms)[0m  [1m[35mCOMMIT[0m
  ↳ /home/xavier/.rvm/gems/ruby-2.7.4/gems/activerecord-5.2.6/lib/active_record/log_subscriber.rb:98
Redirected to http://localhost:3000/
Completed 302 Found in 2146ms (ActiveRecord: 8.1ms)


Started GET "/" for ::1 at 2021-08-10 22:45:24 +0200
Processing by EventsController#index as HTML
  Rendering events/index.html.erb within layouts/application
  [1m[36mEvent Load (0.6ms)[0m  [1m[34mSELECT "events".* FROM "events"[0m
  ↳ app/views/events/index.html.erb:27
  Rendered events/index.html.erb within layouts/application (3.3ms)
  [1m[36mUser Load (1.4ms)[0m  [1m[34mSELECT  "users".* FROM "users" WHERE "users"."id" = $1 ORDER BY "users"."id" ASC LIMIT $2[0m  [["id", 1], ["LIMIT", 1]]
  ↳ app/views/layouts/application.html.erb:19
Completed 200 OK in 62ms (Views: 56.6ms | ActiveRecord: 2.1ms)


Started GET "/static_pages/secret" for ::1 at 2021-08-10 22:45:31 +0200
Processing by StaticPagesController#secret as HTML
  [1m[36mUser Load (0.4ms)[0m  [1m[34mSELECT  "users".* FROM "users" WHERE "users"."id" = $1 ORDER BY "users"."id" ASC LIMIT $2[0m  [["id", 1], ["LIMIT", 1]]
  ↳ /home/xavier/.rvm/gems/ruby-2.7.4/gems/activerecord-5.2.6/lib/active_record/log_subscriber.rb:98
  Rendering static_pages/secret.html.erb within layouts/application
  Rendered static_pages/secret.html.erb within layouts/application (0.5ms)
Completed 200 OK in 53ms (Views: 47.5ms | ActiveRecord: 0.4ms)


Started GET "/users/edit" for ::1 at 2021-08-10 22:45:33 +0200
Processing by Devise::RegistrationsController#edit as HTML
  [1m[36mUser Load (0.4ms)[0m  [1m[34mSELECT  "users".* FROM "users" WHERE "users"."id" = $1 ORDER BY "users"."id" ASC LIMIT $2[0m  [["id", 1], ["LIMIT", 1]]
  ↳ /home/xavier/.rvm/gems/ruby-2.7.4/gems/activerecord-5.2.6/lib/active_record/log_subscriber.rb:98
  Rendering devise/registrations/edit.html.erb within layouts/application
  Rendered devise/shared/_error_messages.html.erb (1.2ms)
  Rendered devise/registrations/edit.html.erb within layouts/application (9.2ms)
Completed 200 OK in 56ms (Views: 46.1ms | ActiveRecord: 0.4ms)


Started GET "/" for ::1 at 2021-08-10 22:45:35 +0200
Processing by EventsController#index as HTML
  Rendering events/index.html.erb within layouts/application
  [1m[36mEvent Load (0.4ms)[0m  [1m[34mSELECT "events".* FROM "events"[0m
  ↳ app/views/events/index.html.erb:27
  Rendered events/index.html.erb within layouts/application (6.0ms)
  [1m[36mUser Load (2.0ms)[0m  [1m[34mSELECT  "users".* FROM "users" WHERE "users"."id" = $1 ORDER BY "users"."id" ASC LIMIT $2[0m  [["id", 1], ["LIMIT", 1]]
  ↳ app/views/layouts/application.html.erb:19
Completed 200 OK in 60ms (Views: 56.7ms | ActiveRecord: 2.4ms)


Started GET "/static_pages/secret" for ::1 at 2021-08-10 22:45:37 +0200
Processing by StaticPagesController#secret as HTML
  [1m[36mUser Load (1.8ms)[0m  [1m[34mSELECT  "users".* FROM "users" WHERE "users"."id" = $1 ORDER BY "users"."id" ASC LIMIT $2[0m  [["id", 1], ["LIMIT", 1]]
  ↳ /home/xavier/.rvm/gems/ruby-2.7.4/gems/activerecord-5.2.6/lib/active_record/log_subscriber.rb:98
  Rendering static_pages/secret.html.erb within layouts/application
  Rendered static_pages/secret.html.erb within layouts/application (0.5ms)
Completed 200 OK in 43ms (Views: 38.1ms | ActiveRecord: 1.8ms)


Started GET "/users/1" for ::1 at 2021-08-10 22:45:49 +0200
Processing by UsersController#show as HTML
  Parameters: {"id"=>"1"}
  [1m[36mUser Load (0.4ms)[0m  [1m[34mSELECT  "users".* FROM "users" WHERE "users"."id" = $1 LIMIT $2[0m  [["id", 1], ["LIMIT", 1]]
  ↳ app/controllers/users_controller.rb:35
  [1m[36mUser Load (0.5ms)[0m  [1m[34mSELECT  "users".* FROM "users" WHERE "users"."id" = $1 ORDER BY "users"."id" ASC LIMIT $2[0m  [["id", 1], ["LIMIT", 1]]
  ↳ /home/xavier/.rvm/gems/ruby-2.7.4/gems/activerecord-5.2.6/lib/active_record/log_subscriber.rb:98
  Rendering users/show.html.erb within layouts/application
  [1m[36mEvent Load (0.7ms)[0m  [1m[34mSELECT "events".* FROM "events" INNER JOIN "participations" ON "events"."id" = "participations"."event_id" WHERE "participations"."participant_id" = $1[0m  [["participant_id", 1]]
  ↳ app/views/users/show.html.erb:21
  [1m[36mEvent Load (0.2ms)[0m  [1m[34mSELECT "events".* FROM "events" WHERE "events"."administrator_id" = $1[0m  [["administrator_id", 1]]
  ↳ app/views/users/show.html.erb:37
  Rendered users/show.html.erb within layouts/application (38.0ms)
Completed 200 OK in 124ms (Views: 77.4ms | ActiveRecord: 11.7ms)


